{
  stringValue: '"64b9fe29027e4fbcd19a0a"',
  messageFormat: undefined,
  kind: 'ObjectId',
  value: '64b9fe29027e4fbcd19a0a',
  path: '_id',
  reason: BSONError: Argument passed in must be a string of 12 bytes or a string of 24 hex characters or an integer
      at new ObjectId (C:\Users\nbisi\Desktop\Coderhouse\proyecto_backend\node_modules\bson\lib\bson.cjs:2014:23)
      at castObjectId (C:\Users\nbisi\Desktop\Coderhouse\proyecto_backend\node_modules\mongoose\lib\cast\objectid.js:25:12)
      at ObjectId.cast (C:\Users\nbisi\Desktop\Coderhouse\proyecto_backend\node_modules\mongoose\lib\schema\objectid.js:246:12)
      at ObjectId.SchemaType.applySetters (C:\Users\nbisi\Desktop\Coderhouse\proyecto_backend\node_modules\mongoose\lib\schematype.js:1202:12)
      at ObjectId.SchemaType.castForQuery (C:\Users\nbisi\Desktop\Coderhouse\proyecto_backend\node_modules\mongoose\lib\schematype.js:1613:15)
      at cast (C:\Users\nbisi\Desktop\Coderhouse\proyecto_backend\node_modules\mongoose\lib\cast.js:348:32)
      at model.Query.Query.cast (C:\Users\nbisi\Desktop\Coderhouse\proyecto_backend\node_modules\mongoose\lib\query.js:4790:12)
      at model.Query.Query._castConditions (C:\Users\nbisi\Desktop\Coderhouse\proyecto_backend\node_modules\mongoose\lib\query.js:2177:10)
      at model.Query._deleteOne (C:\Users\nbisi\Desktop\Coderhouse\proyecto_backend\node_modules\mongoose\lib\query.js:2941:8)
      at model.Query.exec (C:\Users\nbisi\Desktop\Coderhouse\proyecto_backend\node_modules\mongoose\lib\query.js:4321:28),
  valueType: 'string',
  model: Model { products },
  level: 'error'
}
{
  stringValue: '"64b9fe29027e4fbcd19a0"',
  messageFormat: undefined,
  kind: 'ObjectId',
  value: '64b9fe29027e4fbcd19a0',
  path: '_id',
  reason: BSONError: Argument passed in must be a string of 12 bytes or a string of 24 hex characters or an integer
      at new ObjectId (C:\Users\nbisi\Desktop\Coderhouse\proyecto_backend\node_modules\bson\lib\bson.cjs:2014:23)
      at castObjectId (C:\Users\nbisi\Desktop\Coderhouse\proyecto_backend\node_modules\mongoose\lib\cast\objectid.js:25:12)
      at ObjectId.cast (C:\Users\nbisi\Desktop\Coderhouse\proyecto_backend\node_modules\mongoose\lib\schema\objectid.js:246:12)
      at ObjectId.SchemaType.applySetters (C:\Users\nbisi\Desktop\Coderhouse\proyecto_backend\node_modules\mongoose\lib\schematype.js:1202:12)
      at ObjectId.SchemaType.castForQuery (C:\Users\nbisi\Desktop\Coderhouse\proyecto_backend\node_modules\mongoose\lib\schematype.js:1613:15)
      at cast (C:\Users\nbisi\Desktop\Coderhouse\proyecto_backend\node_modules\mongoose\lib\cast.js:348:32)
      at model.Query.Query.cast (C:\Users\nbisi\Desktop\Coderhouse\proyecto_backend\node_modules\mongoose\lib\query.js:4790:12)
      at model.Query.Query._castConditions (C:\Users\nbisi\Desktop\Coderhouse\proyecto_backend\node_modules\mongoose\lib\query.js:2177:10)
      at model.Query._deleteOne (C:\Users\nbisi\Desktop\Coderhouse\proyecto_backend\node_modules\mongoose\lib\query.js:2941:8)
      at model.Query.exec (C:\Users\nbisi\Desktop\Coderhouse\proyecto_backend\node_modules\mongoose\lib\query.js:4321:28),
  valueType: 'string',
  model: Model { products },
  level: 'error'
}
{
  info: [Function: authenticationFailure],
  code: 401,
  redirectPath: undefined,
  level: 'error'
}
{
  stringValue: '"6455709d9e17c50f74b969"',
  messageFormat: undefined,
  kind: 'ObjectId',
  value: '6455709d9e17c50f74b969',
  path: '_id',
  reason: BSONError: Argument passed in must be a string of 12 bytes or a string of 24 hex characters or an integer
      at new ObjectId (C:\Users\nbisi\Desktop\Coderhouse\proyecto_backend\node_modules\bson\lib\bson.cjs:2014:23)
      at castObjectId (C:\Users\nbisi\Desktop\Coderhouse\proyecto_backend\node_modules\mongoose\lib\cast\objectid.js:25:12)
      at ObjectId.cast (C:\Users\nbisi\Desktop\Coderhouse\proyecto_backend\node_modules\mongoose\lib\schema\objectid.js:246:12)
      at ObjectId.SchemaType.applySetters (C:\Users\nbisi\Desktop\Coderhouse\proyecto_backend\node_modules\mongoose\lib\schematype.js:1202:12)
      at ObjectId.SchemaType.castForQuery (C:\Users\nbisi\Desktop\Coderhouse\proyecto_backend\node_modules\mongoose\lib\schematype.js:1613:15)
      at cast (C:\Users\nbisi\Desktop\Coderhouse\proyecto_backend\node_modules\mongoose\lib\cast.js:348:32)
      at model.Query.Query.cast (C:\Users\nbisi\Desktop\Coderhouse\proyecto_backend\node_modules\mongoose\lib\query.js:4790:12)
      at model.Query.Query._castConditions (C:\Users\nbisi\Desktop\Coderhouse\proyecto_backend\node_modules\mongoose\lib\query.js:2177:10)
      at model.Query._updateThunk (C:\Users\nbisi\Desktop\Coderhouse\proyecto_backend\node_modules\mongoose\lib\query.js:3770:8)
      at model.Query._updateOne (C:\Users\nbisi\Desktop\Coderhouse\proyecto_backend\node_modules\mongoose\lib\query.js:3879:23),
  valueType: 'string',
  model: Model { products },
  level: 'error'
}
{
  stringValue: '"64b9acaf9178e067e8dec0"',
  messageFormat: undefined,
  kind: 'ObjectId',
  value: '64b9acaf9178e067e8dec0',
  path: '_id',
  reason: BSONError: Argument passed in must be a string of 12 bytes or a string of 24 hex characters or an integer
      at new ObjectId (C:\Users\nbisi\Desktop\Coderhouse\proyecto_backend\node_modules\bson\lib\bson.cjs:2014:23)
      at castObjectId (C:\Users\nbisi\Desktop\Coderhouse\proyecto_backend\node_modules\mongoose\lib\cast\objectid.js:25:12)
      at ObjectId.cast (C:\Users\nbisi\Desktop\Coderhouse\proyecto_backend\node_modules\mongoose\lib\schema\objectid.js:246:12)
      at ObjectId.SchemaType.applySetters (C:\Users\nbisi\Desktop\Coderhouse\proyecto_backend\node_modules\mongoose\lib\schematype.js:1202:12)
      at ObjectId.SchemaType.castForQuery (C:\Users\nbisi\Desktop\Coderhouse\proyecto_backend\node_modules\mongoose\lib\schematype.js:1613:15)
      at cast (C:\Users\nbisi\Desktop\Coderhouse\proyecto_backend\node_modules\mongoose\lib\cast.js:348:32)
      at model.Query.Query.cast (C:\Users\nbisi\Desktop\Coderhouse\proyecto_backend\node_modules\mongoose\lib\query.js:4790:12)
      at model.Query.Query._castConditions (C:\Users\nbisi\Desktop\Coderhouse\proyecto_backend\node_modules\mongoose\lib\query.js:2177:10)
      at model.Query._findOne (C:\Users\nbisi\Desktop\Coderhouse\proyecto_backend\node_modules\mongoose\lib\query.js:2465:8)
      at model.Query.exec (C:\Users\nbisi\Desktop\Coderhouse\proyecto_backend\node_modules\mongoose\lib\query.js:4321:28),
  valueType: 'string',
  model: Model { carts },
  level: 'error'
}
{
  info: "Expected a valid Cart Id, instead recieved: '64b9acaf9178e067e8dec011'.",
  code: 400,
  redirectPath: undefined,
  level: 'error'
}
{
  info: "Expected a valid Cart Id, instead recieved: '64b9ce519ab579db7f8df311'.",
  code: 400,
  redirectPath: undefined,
  level: 'error'
}
{
  info: "Expected an Id, instead recieved: '6455709d9e17c50f74b96911'.",
  code: 400,
  redirectPath: undefined,
  level: 'error'
}
{
  stringValue: '"6455709d9e17c50f74b969"',
  messageFormat: undefined,
  kind: 'ObjectId',
  value: '6455709d9e17c50f74b969',
  path: '_id',
  reason: BSONError: Argument passed in must be a string of 12 bytes or a string of 24 hex characters or an integer
      at new ObjectId (C:\Users\nbisi\Desktop\Coderhouse\proyecto_backend\node_modules\bson\lib\bson.cjs:2014:23)
      at castObjectId (C:\Users\nbisi\Desktop\Coderhouse\proyecto_backend\node_modules\mongoose\lib\cast\objectid.js:25:12)
      at ObjectId.cast (C:\Users\nbisi\Desktop\Coderhouse\proyecto_backend\node_modules\mongoose\lib\schema\objectid.js:246:12)
      at ObjectId.SchemaType.applySetters (C:\Users\nbisi\Desktop\Coderhouse\proyecto_backend\node_modules\mongoose\lib\schematype.js:1202:12)
      at ObjectId.SchemaType.castForQuery (C:\Users\nbisi\Desktop\Coderhouse\proyecto_backend\node_modules\mongoose\lib\schematype.js:1613:15)
      at cast (C:\Users\nbisi\Desktop\Coderhouse\proyecto_backend\node_modules\mongoose\lib\cast.js:348:32)
      at model.Query.Query.cast (C:\Users\nbisi\Desktop\Coderhouse\proyecto_backend\node_modules\mongoose\lib\query.js:4790:12)
      at model.Query.Query._castConditions (C:\Users\nbisi\Desktop\Coderhouse\proyecto_backend\node_modules\mongoose\lib\query.js:2177:10)
      at model.Query._findOne (C:\Users\nbisi\Desktop\Coderhouse\proyecto_backend\node_modules\mongoose\lib\query.js:2465:8)
      at model.Query.exec (C:\Users\nbisi\Desktop\Coderhouse\proyecto_backend\node_modules\mongoose\lib\query.js:4321:28),
  valueType: 'string',
  model: Model { products },
  level: 'error'
}
{
  stringValue: '"6455709d9e17c50f74b969"',
  messageFormat: undefined,
  kind: 'ObjectId',
  value: '6455709d9e17c50f74b969',
  path: '_id',
  reason: BSONError: Argument passed in must be a string of 12 bytes or a string of 24 hex characters or an integer
      at new ObjectId (C:\Users\nbisi\Desktop\Coderhouse\proyecto_backend\node_modules\bson\lib\bson.cjs:2014:23)
      at castObjectId (C:\Users\nbisi\Desktop\Coderhouse\proyecto_backend\node_modules\mongoose\lib\cast\objectid.js:25:12)
      at ObjectId.cast (C:\Users\nbisi\Desktop\Coderhouse\proyecto_backend\node_modules\mongoose\lib\schema\objectid.js:246:12)
      at ObjectId.SchemaType.applySetters (C:\Users\nbisi\Desktop\Coderhouse\proyecto_backend\node_modules\mongoose\lib\schematype.js:1202:12)
      at ObjectId.SchemaType.castForQuery (C:\Users\nbisi\Desktop\Coderhouse\proyecto_backend\node_modules\mongoose\lib\schematype.js:1613:15)
      at cast (C:\Users\nbisi\Desktop\Coderhouse\proyecto_backend\node_modules\mongoose\lib\cast.js:348:32)
      at model.Query.Query.cast (C:\Users\nbisi\Desktop\Coderhouse\proyecto_backend\node_modules\mongoose\lib\query.js:4790:12)
      at model.Query.Query._castConditions (C:\Users\nbisi\Desktop\Coderhouse\proyecto_backend\node_modules\mongoose\lib\query.js:2177:10)
      at model.Query._findOne (C:\Users\nbisi\Desktop\Coderhouse\proyecto_backend\node_modules\mongoose\lib\query.js:2465:8)
      at model.Query.exec (C:\Users\nbisi\Desktop\Coderhouse\proyecto_backend\node_modules\mongoose\lib\query.js:4321:28),
  valueType: 'string',
  model: Model { products },
  level: 'error'
}
{
  stringValue: '"64b9ce519ab579db7f8df3"',
  messageFormat: undefined,
  kind: 'ObjectId',
  value: '64b9ce519ab579db7f8df3',
  path: '_id',
  reason: BSONError: Argument passed in must be a string of 12 bytes or a string of 24 hex characters or an integer
      at new ObjectId (C:\Users\nbisi\Desktop\Coderhouse\proyecto_backend\node_modules\bson\lib\bson.cjs:2014:23)
      at castObjectId (C:\Users\nbisi\Desktop\Coderhouse\proyecto_backend\node_modules\mongoose\lib\cast\objectid.js:25:12)
      at ObjectId.cast (C:\Users\nbisi\Desktop\Coderhouse\proyecto_backend\node_modules\mongoose\lib\schema\objectid.js:246:12)
      at ObjectId.SchemaType.applySetters (C:\Users\nbisi\Desktop\Coderhouse\proyecto_backend\node_modules\mongoose\lib\schematype.js:1202:12)
      at ObjectId.SchemaType.castForQuery (C:\Users\nbisi\Desktop\Coderhouse\proyecto_backend\node_modules\mongoose\lib\schematype.js:1613:15)
      at cast (C:\Users\nbisi\Desktop\Coderhouse\proyecto_backend\node_modules\mongoose\lib\cast.js:348:32)
      at model.Query.Query.cast (C:\Users\nbisi\Desktop\Coderhouse\proyecto_backend\node_modules\mongoose\lib\query.js:4790:12)
      at model.Query.Query._castConditions (C:\Users\nbisi\Desktop\Coderhouse\proyecto_backend\node_modules\mongoose\lib\query.js:2177:10)
      at model.Query._findOne (C:\Users\nbisi\Desktop\Coderhouse\proyecto_backend\node_modules\mongoose\lib\query.js:2465:8)
      at model.Query.exec (C:\Users\nbisi\Desktop\Coderhouse\proyecto_backend\node_modules\mongoose\lib\query.js:4321:28),
  valueType: 'string',
  model: Model { carts },
  level: 'error'
}
{
  stringValue: '"64b9ce519ab579db7f8df3"',
  messageFormat: undefined,
  kind: 'ObjectId',
  value: '64b9ce519ab579db7f8df3',
  path: '_id',
  reason: BSONError: Argument passed in must be a string of 12 bytes or a string of 24 hex characters or an integer
      at new ObjectId (C:\Users\nbisi\Desktop\Coderhouse\proyecto_backend\node_modules\bson\lib\bson.cjs:2014:23)
      at castObjectId (C:\Users\nbisi\Desktop\Coderhouse\proyecto_backend\node_modules\mongoose\lib\cast\objectid.js:25:12)
      at ObjectId.cast (C:\Users\nbisi\Desktop\Coderhouse\proyecto_backend\node_modules\mongoose\lib\schema\objectid.js:246:12)
      at ObjectId.SchemaType.applySetters (C:\Users\nbisi\Desktop\Coderhouse\proyecto_backend\node_modules\mongoose\lib\schematype.js:1202:12)
      at ObjectId.SchemaType.castForQuery (C:\Users\nbisi\Desktop\Coderhouse\proyecto_backend\node_modules\mongoose\lib\schematype.js:1613:15)
      at cast (C:\Users\nbisi\Desktop\Coderhouse\proyecto_backend\node_modules\mongoose\lib\cast.js:348:32)
      at model.Query.Query.cast (C:\Users\nbisi\Desktop\Coderhouse\proyecto_backend\node_modules\mongoose\lib\query.js:4790:12)
      at model.Query.Query._castConditions (C:\Users\nbisi\Desktop\Coderhouse\proyecto_backend\node_modules\mongoose\lib\query.js:2177:10)
      at model.Query._findOne (C:\Users\nbisi\Desktop\Coderhouse\proyecto_backend\node_modules\mongoose\lib\query.js:2465:8)
      at model.Query.exec (C:\Users\nbisi\Desktop\Coderhouse\proyecto_backend\node_modules\mongoose\lib\query.js:4321:28),
  valueType: 'string',
  model: Model { carts },
  level: 'error'
}
{
  stringValue: '"6455709d9e17c50f74b969"',
  messageFormat: undefined,
  kind: 'ObjectId',
  value: '6455709d9e17c50f74b969',
  path: '_id',
  reason: BSONError: Argument passed in must be a string of 12 bytes or a string of 24 hex characters or an integer
      at new ObjectId (C:\Users\nbisi\Desktop\Coderhouse\proyecto_backend\node_modules\bson\lib\bson.cjs:2014:23)
      at castObjectId (C:\Users\nbisi\Desktop\Coderhouse\proyecto_backend\node_modules\mongoose\lib\cast\objectid.js:25:12)
      at ObjectId.cast (C:\Users\nbisi\Desktop\Coderhouse\proyecto_backend\node_modules\mongoose\lib\schema\objectid.js:246:12)
      at ObjectId.SchemaType.applySetters (C:\Users\nbisi\Desktop\Coderhouse\proyecto_backend\node_modules\mongoose\lib\schematype.js:1202:12)
      at ObjectId.SchemaType.castForQuery (C:\Users\nbisi\Desktop\Coderhouse\proyecto_backend\node_modules\mongoose\lib\schematype.js:1613:15)
      at cast (C:\Users\nbisi\Desktop\Coderhouse\proyecto_backend\node_modules\mongoose\lib\cast.js:348:32)
      at model.Query.Query.cast (C:\Users\nbisi\Desktop\Coderhouse\proyecto_backend\node_modules\mongoose\lib\query.js:4790:12)
      at model.Query.Query._castConditions (C:\Users\nbisi\Desktop\Coderhouse\proyecto_backend\node_modules\mongoose\lib\query.js:2177:10)
      at model.Query._findOne (C:\Users\nbisi\Desktop\Coderhouse\proyecto_backend\node_modules\mongoose\lib\query.js:2465:8)
      at model.Query.exec (C:\Users\nbisi\Desktop\Coderhouse\proyecto_backend\node_modules\mongoose\lib\query.js:4321:28),
  valueType: 'string',
  model: Model { products },
  level: 'error'
}
{
  info: "Expected a valid Cart Id, instead recieved: '647c1dcc90aa545d6a894440'.",
  code: 400,
  redirectPath: undefined,
  level: 'error'
}
{
  info: "Expected an Id, instead recieved: '6455709d9e17c50f74b9698'.",
  code: 400,
  redirectPath: undefined,
  level: 'error'
}
{
  info: "Expected an Id, instead recieved: '6455709d9e17c50f74b9'.",
  code: 400,
  redirectPath: undefined,
  level: 'error'
}
{
  info: "Expected an Id, instead recieved: '6455709d9e17c50f74b969'.",
  code: 400,
  redirectPath: undefined,
  level: 'error'
}
{
  stringValue: '"647c20f2f61df68f3ce5a1"',
  messageFormat: undefined,
  kind: 'ObjectId',
  value: '647c20f2f61df68f3ce5a1',
  path: '_id',
  reason: BSONError: Argument passed in must be a string of 12 bytes or a string of 24 hex characters or an integer
      at new ObjectId (C:\Users\nbisi\Desktop\Coderhouse\proyecto_backend\node_modules\bson\lib\bson.cjs:2014:23)
      at castObjectId (C:\Users\nbisi\Desktop\Coderhouse\proyecto_backend\node_modules\mongoose\lib\cast\objectid.js:25:12)
      at ObjectId.cast (C:\Users\nbisi\Desktop\Coderhouse\proyecto_backend\node_modules\mongoose\lib\schema\objectid.js:246:12)
      at ObjectId.SchemaType.applySetters (C:\Users\nbisi\Desktop\Coderhouse\proyecto_backend\node_modules\mongoose\lib\schematype.js:1202:12)
      at ObjectId.SchemaType.castForQuery (C:\Users\nbisi\Desktop\Coderhouse\proyecto_backend\node_modules\mongoose\lib\schematype.js:1613:15)
      at cast (C:\Users\nbisi\Desktop\Coderhouse\proyecto_backend\node_modules\mongoose\lib\cast.js:348:32)
      at model.Query.Query.cast (C:\Users\nbisi\Desktop\Coderhouse\proyecto_backend\node_modules\mongoose\lib\query.js:4790:12)
      at model.Query.Query._castConditions (C:\Users\nbisi\Desktop\Coderhouse\proyecto_backend\node_modules\mongoose\lib\query.js:2177:10)
      at model.Query._findOne (C:\Users\nbisi\Desktop\Coderhouse\proyecto_backend\node_modules\mongoose\lib\query.js:2465:8)
      at model.Query.exec (C:\Users\nbisi\Desktop\Coderhouse\proyecto_backend\node_modules\mongoose\lib\query.js:4321:28),
  valueType: 'string',
  model: Model { carts },
  level: 'error'
}
